<?xml version="1.0" encoding="UTF-8"?>
<!-- Generated by org.testng.reporters.JUnitReportReporter -->
<testsuite skipped="0" hostname="DESKTOP-QJI8CSA" name="com.thirtybees.pages.FooterPage" tests="1" failures="0" timestamp="17 Aug 2021 18:19:05 GMT" time="5.736" errors="0">
  <testcase name="verifyProductMug" time="5.736" classname="com.thirtybees.pages.FooterPage"/>
</testsuite> <!-- com.thirtybees.pages.FooterPage -->
