<?xml version="1.0" encoding="UTF-8"?>
<!-- Generated by org.testng.reporters.JUnitReportReporter -->
<testsuite skipped="0" hostname="DESKTOP-QJI8CSA" name="com.thirtybees.pages.AddToCartPage" tests="1" failures="0" timestamp="2021-08-20T16:10:38 IST" time="7.016" errors="0">
  <testcase name="addToCart" time="7.016" classname="com.thirtybees.pages.AddToCartPage"/>
  <system-out/>
</testsuite> <!-- com.thirtybees.pages.AddToCartPage -->
